<?xml version="1.0" encoding="UTF-8"?>
<!-- Generated by org.testng.reporters.JUnitReportReporter -->
<testsuite hostname="DESKTOP-C8TCKM2" failures="0" tests="1" name="MavenScripts.SampleScript" time="36.947" errors="0" timestamp="2022-04-16T11:34:17 IST" skipped="0">
  <testcase classname="MavenScripts.SampleScript" name="Launch" time="36.947"/>
  <system-out/>
</testsuite> <!-- MavenScripts.SampleScript -->
